mode: set
github.com/PrinMeshia/medego/session/session.go:15.53,20.16 3 1
github.com/PrinMeshia/medego/session/session.go:20.16,22.3 1 0
github.com/PrinMeshia/medego/session/session.go:25.2,25.48 1 1
github.com/PrinMeshia/medego/session/session.go:25.48,27.3 1 1
github.com/PrinMeshia/medego/session/session.go:30.2,30.47 1 1
github.com/PrinMeshia/medego/session/session.go:30.47,32.3 1 0
github.com/PrinMeshia/medego/session/session.go:35.2,44.40 8 1
github.com/PrinMeshia/medego/session/session.go:45.15,46.46 1 0
github.com/PrinMeshia/medego/session/session.go:47.26,48.43 1 0
github.com/PrinMeshia/medego/session/session.go:49.32,50.46 1 0
github.com/PrinMeshia/medego/session/session.go:51.10,51.10 0 1
github.com/PrinMeshia/medego/session/session.go:55.2,55.16 1 1
github.com/PrinMeshia/medego/cache/badger_cache.go:9.53,12.2 2 1
github.com/PrinMeshia/medego/cache/badger_cache.go:14.60,17.49 2 1
github.com/PrinMeshia/medego/cache/badger_cache.go:17.49,19.17 2 1
github.com/PrinMeshia/medego/cache/badger_cache.go:19.17,21.4 1 1
github.com/PrinMeshia/medego/cache/badger_cache.go:23.3,23.43 1 1
github.com/PrinMeshia/medego/cache/badger_cache.go:23.43,26.4 2 1
github.com/PrinMeshia/medego/cache/badger_cache.go:27.3,27.13 1 1
github.com/PrinMeshia/medego/cache/badger_cache.go:30.2,30.16 1 1
github.com/PrinMeshia/medego/cache/badger_cache.go:30.16,32.3 1 1
github.com/PrinMeshia/medego/cache/badger_cache.go:34.2,35.16 2 1
github.com/PrinMeshia/medego/cache/badger_cache.go:35.16,37.3 1 0
github.com/PrinMeshia/medego/cache/badger_cache.go:39.2,40.18 2 1
github.com/PrinMeshia/medego/cache/badger_cache.go:43.80,46.16 3 1
github.com/PrinMeshia/medego/cache/badger_cache.go:46.16,48.3 1 0
github.com/PrinMeshia/medego/cache/badger_cache.go:50.2,51.22 2 1
github.com/PrinMeshia/medego/cache/badger_cache.go:51.22,53.3 1 0
github.com/PrinMeshia/medego/cache/badger_cache.go:55.2,55.51 1 1
github.com/PrinMeshia/medego/cache/badger_cache.go:55.51,57.23 2 1
github.com/PrinMeshia/medego/cache/badger_cache.go:57.23,59.4 1 0
github.com/PrinMeshia/medego/cache/badger_cache.go:60.3,60.25 1 1
github.com/PrinMeshia/medego/cache/badger_cache.go:64.48,65.51 1 1
github.com/PrinMeshia/medego/cache/badger_cache.go:65.51,67.3 1 1
github.com/PrinMeshia/medego/cache/badger_cache.go:70.54,72.2 1 1
github.com/PrinMeshia/medego/cache/badger_cache.go:74.37,76.2 1 1
github.com/PrinMeshia/medego/cache/badger_cache.go:78.54,81.51 2 1
github.com/PrinMeshia/medego/cache/badger_cache.go:81.51,90.71 7 1
github.com/PrinMeshia/medego/cache/badger_cache.go:90.71,92.42 2 1
github.com/PrinMeshia/medego/cache/badger_cache.go:92.42,94.5 1 0
github.com/PrinMeshia/medego/cache/badger_cache.go:95.4,97.36 2 1
github.com/PrinMeshia/medego/cache/badger_cache.go:97.36,100.5 2 0
github.com/PrinMeshia/medego/cache/badger_cache.go:103.3,103.13 1 1
github.com/PrinMeshia/medego/cache/cache.go:9.41,13.16 4 1
github.com/PrinMeshia/medego/cache/cache.go:13.16,15.3 1 0
github.com/PrinMeshia/medego/cache/cache.go:16.2,16.23 1 1
github.com/PrinMeshia/medego/cache/cache.go:19.41,25.16 6 1
github.com/PrinMeshia/medego/cache/cache.go:25.16,27.3 1 0
github.com/PrinMeshia/medego/cache/cache.go:28.2,28.18 1 1
github.com/PrinMeshia/medego/cache/redis_cache.go:9.52,15.16 5 1
github.com/PrinMeshia/medego/cache/redis_cache.go:15.16,17.3 1 0
github.com/PrinMeshia/medego/cache/redis_cache.go:19.2,19.16 1 1
github.com/PrinMeshia/medego/cache/redis_cache.go:22.50,24.2 1 1
github.com/PrinMeshia/medego/cache/redis_cache.go:26.59,32.16 5 1
github.com/PrinMeshia/medego/cache/redis_cache.go:32.16,34.3 1 0
github.com/PrinMeshia/medego/cache/redis_cache.go:36.2,37.16 2 1
github.com/PrinMeshia/medego/cache/redis_cache.go:37.16,39.3 1 0
github.com/PrinMeshia/medego/cache/redis_cache.go:41.2,41.26 1 1
github.com/PrinMeshia/medego/cache/redis_cache.go:44.79,51.16 6 1
github.com/PrinMeshia/medego/cache/redis_cache.go:51.16,53.3 1 0
github.com/PrinMeshia/medego/cache/redis_cache.go:55.2,56.22 2 1
github.com/PrinMeshia/medego/cache/redis_cache.go:56.22,58.3 1 0
github.com/PrinMeshia/medego/cache/redis_cache.go:58.8,60.3 1 1
github.com/PrinMeshia/medego/cache/redis_cache.go:62.2,63.22 2 1
github.com/PrinMeshia/medego/cache/redis_cache.go:63.22,65.3 1 0
github.com/PrinMeshia/medego/cache/redis_cache.go:67.2,68.12 2 1
github.com/PrinMeshia/medego/cache/redis_cache.go:71.47,78.2 5 1
github.com/PrinMeshia/medego/cache/redis_cache.go:80.53,83.16 3 1
github.com/PrinMeshia/medego/cache/redis_cache.go:83.16,85.3 1 0
github.com/PrinMeshia/medego/cache/redis_cache.go:87.2,90.25 3 1
github.com/PrinMeshia/medego/cache/redis_cache.go:90.25,92.17 2 1
github.com/PrinMeshia/medego/cache/redis_cache.go:92.17,94.4 1 0
github.com/PrinMeshia/medego/cache/redis_cache.go:97.2,97.12 1 1
github.com/PrinMeshia/medego/cache/redis_cache.go:100.36,103.16 3 1
github.com/PrinMeshia/medego/cache/redis_cache.go:103.16,105.3 1 0
github.com/PrinMeshia/medego/cache/redis_cache.go:107.2,110.25 3 1
github.com/PrinMeshia/medego/cache/redis_cache.go:110.25,112.17 2 1
github.com/PrinMeshia/medego/cache/redis_cache.go:112.17,114.4 1 0
github.com/PrinMeshia/medego/cache/redis_cache.go:117.2,117.12 1 1
github.com/PrinMeshia/medego/cache/redis_cache.go:120.64,127.6 5 1
github.com/PrinMeshia/medego/cache/redis_cache.go:127.6,129.17 2 1
github.com/PrinMeshia/medego/cache/redis_cache.go:129.17,131.4 1 0
github.com/PrinMeshia/medego/cache/redis_cache.go:133.3,137.16 4 1
github.com/PrinMeshia/medego/cache/redis_cache.go:137.16,138.9 1 1
github.com/PrinMeshia/medego/cache/redis_cache.go:142.2,142.18 1 1
github.com/PrinMeshia/medego/mailer/mail.go:17.32,18.6 1 1
github.com/PrinMeshia/medego/mailer/mail.go:18.6,21.17 3 1
github.com/PrinMeshia/medego/mailer/mail.go:21.17,23.4 1 1
github.com/PrinMeshia/medego/mailer/mail.go:23.9,25.4 1 1
github.com/PrinMeshia/medego/mailer/mail.go:30.40,31.81 1 1
github.com/PrinMeshia/medego/mailer/mail.go:31.81,33.3 1 1
github.com/PrinMeshia/medego/mailer/mail.go:34.2,34.31 1 1
github.com/PrinMeshia/medego/mailer/mail.go:38.45,39.15 1 1
github.com/PrinMeshia/medego/mailer/mail.go:40.42,41.29 1 0
github.com/PrinMeshia/medego/mailer/mail.go:42.10,43.91 1 1
github.com/PrinMeshia/medego/mailer/mail.go:48.48,49.20 1 1
github.com/PrinMeshia/medego/mailer/mail.go:49.20,51.3 1 1
github.com/PrinMeshia/medego/mailer/mail.go:53.2,53.24 1 1
github.com/PrinMeshia/medego/mailer/mail.go:53.24,55.3 1 1
github.com/PrinMeshia/medego/mailer/mail.go:57.2,66.16 3 1
github.com/PrinMeshia/medego/mailer/mail.go:66.16,68.3 1 1
github.com/PrinMeshia/medego/mailer/mail.go:70.2,71.16 2 0
github.com/PrinMeshia/medego/mailer/mail.go:71.16,73.3 1 0
github.com/PrinMeshia/medego/mailer/mail.go:75.2,83.16 3 0
github.com/PrinMeshia/medego/mailer/mail.go:83.16,85.3 1 0
github.com/PrinMeshia/medego/mailer/mail.go:87.2,88.12 2 0
github.com/PrinMeshia/medego/mailer/mail.go:92.79,93.30 1 0
github.com/PrinMeshia/medego/mailer/mail.go:93.30,96.37 2 0
github.com/PrinMeshia/medego/mailer/mail.go:96.37,98.18 2 0
github.com/PrinMeshia/medego/mailer/mail.go:98.18,100.5 1 0
github.com/PrinMeshia/medego/mailer/mail.go:102.4,103.93 2 0
github.com/PrinMeshia/medego/mailer/mail.go:106.3,106.31 1 0
github.com/PrinMeshia/medego/mailer/mail.go:109.2,109.12 1 0
github.com/PrinMeshia/medego/mailer/mail.go:113.51,115.16 2 1
github.com/PrinMeshia/medego/mailer/mail.go:115.16,117.3 1 0
github.com/PrinMeshia/medego/mailer/mail.go:119.2,130.16 11 1
github.com/PrinMeshia/medego/mailer/mail.go:130.16,132.3 1 0
github.com/PrinMeshia/medego/mailer/mail.go:134.2,141.36 2 1
github.com/PrinMeshia/medego/mailer/mail.go:141.36,143.3 1 1
github.com/PrinMeshia/medego/mailer/mail.go:145.2,145.31 1 1
github.com/PrinMeshia/medego/mailer/mail.go:149.67,154.16 4 1
github.com/PrinMeshia/medego/mailer/mail.go:154.16,156.3 1 0
github.com/PrinMeshia/medego/mailer/mail.go:158.2,159.16 2 1
github.com/PrinMeshia/medego/mailer/mail.go:159.16,161.3 1 0
github.com/PrinMeshia/medego/mailer/mail.go:163.2,163.39 1 1
github.com/PrinMeshia/medego/mailer/mail.go:167.79,169.16 2 1
github.com/PrinMeshia/medego/mailer/mail.go:169.16,171.3 1 0
github.com/PrinMeshia/medego/mailer/mail.go:173.2,174.65 2 1
github.com/PrinMeshia/medego/mailer/mail.go:174.65,176.3 1 0
github.com/PrinMeshia/medego/mailer/mail.go:178.2,180.28 2 1
github.com/PrinMeshia/medego/mailer/mail.go:180.28,182.17 2 0
github.com/PrinMeshia/medego/mailer/mail.go:182.17,184.4 1 0
github.com/PrinMeshia/medego/mailer/mail.go:187.2,187.21 1 1
github.com/PrinMeshia/medego/mailer/mail.go:191.56,192.11 1 1
github.com/PrinMeshia/medego/mailer/mail.go:193.13,194.33 1 0
github.com/PrinMeshia/medego/mailer/mail.go:195.13,196.28 1 0
github.com/PrinMeshia/medego/mailer/mail.go:197.14,198.29 1 1
github.com/PrinMeshia/medego/mailer/mail.go:199.10,200.33 1 0
github.com/PrinMeshia/medego/mailer/mail.go:205.52,213.16 3 0
github.com/PrinMeshia/medego/mailer/mail.go:213.16,215.3 1 0
github.com/PrinMeshia/medego/mailer/mail.go:217.2,218.16 2 0
github.com/PrinMeshia/medego/mailer/mail.go:218.16,220.3 1 0
github.com/PrinMeshia/medego/mailer/mail.go:222.2,222.18 1 0
