mode: set
github.com/PrinMeshia/medego/mailer/mail.go:17.32,18.6 1 1
github.com/PrinMeshia/medego/mailer/mail.go:18.6,21.17 3 1
github.com/PrinMeshia/medego/mailer/mail.go:21.17,23.4 1 1
github.com/PrinMeshia/medego/mailer/mail.go:23.9,25.4 1 1
github.com/PrinMeshia/medego/mailer/mail.go:30.40,31.81 1 1
github.com/PrinMeshia/medego/mailer/mail.go:31.81,33.3 1 1
github.com/PrinMeshia/medego/mailer/mail.go:34.2,34.31 1 1
github.com/PrinMeshia/medego/mailer/mail.go:38.45,39.15 1 1
github.com/PrinMeshia/medego/mailer/mail.go:40.42,41.29 1 0
github.com/PrinMeshia/medego/mailer/mail.go:42.10,43.91 1 1
github.com/PrinMeshia/medego/mailer/mail.go:48.48,49.20 1 1
github.com/PrinMeshia/medego/mailer/mail.go:49.20,51.3 1 1
github.com/PrinMeshia/medego/mailer/mail.go:53.2,53.24 1 1
github.com/PrinMeshia/medego/mailer/mail.go:53.24,55.3 1 1
github.com/PrinMeshia/medego/mailer/mail.go:57.2,66.16 3 1
github.com/PrinMeshia/medego/mailer/mail.go:66.16,68.3 1 1
github.com/PrinMeshia/medego/mailer/mail.go:70.2,71.16 2 0
github.com/PrinMeshia/medego/mailer/mail.go:71.16,73.3 1 0
github.com/PrinMeshia/medego/mailer/mail.go:75.2,83.16 3 0
github.com/PrinMeshia/medego/mailer/mail.go:83.16,85.3 1 0
github.com/PrinMeshia/medego/mailer/mail.go:87.2,88.12 2 0
github.com/PrinMeshia/medego/mailer/mail.go:92.79,93.30 1 0
github.com/PrinMeshia/medego/mailer/mail.go:93.30,96.37 2 0
github.com/PrinMeshia/medego/mailer/mail.go:96.37,98.18 2 0
github.com/PrinMeshia/medego/mailer/mail.go:98.18,100.5 1 0
github.com/PrinMeshia/medego/mailer/mail.go:102.4,103.93 2 0
github.com/PrinMeshia/medego/mailer/mail.go:106.3,106.31 1 0
github.com/PrinMeshia/medego/mailer/mail.go:109.2,109.12 1 0
github.com/PrinMeshia/medego/mailer/mail.go:113.51,115.16 2 1
github.com/PrinMeshia/medego/mailer/mail.go:115.16,117.3 1 0
github.com/PrinMeshia/medego/mailer/mail.go:119.2,130.16 11 1
github.com/PrinMeshia/medego/mailer/mail.go:130.16,132.3 1 0
github.com/PrinMeshia/medego/mailer/mail.go:134.2,141.36 2 1
github.com/PrinMeshia/medego/mailer/mail.go:141.36,143.3 1 1
github.com/PrinMeshia/medego/mailer/mail.go:145.2,145.31 1 1
github.com/PrinMeshia/medego/mailer/mail.go:149.67,154.16 4 1
github.com/PrinMeshia/medego/mailer/mail.go:154.16,156.3 1 0
github.com/PrinMeshia/medego/mailer/mail.go:158.2,159.16 2 1
github.com/PrinMeshia/medego/mailer/mail.go:159.16,161.3 1 0
github.com/PrinMeshia/medego/mailer/mail.go:163.2,163.39 1 1
github.com/PrinMeshia/medego/mailer/mail.go:167.79,169.16 2 1
github.com/PrinMeshia/medego/mailer/mail.go:169.16,171.3 1 0
github.com/PrinMeshia/medego/mailer/mail.go:173.2,174.65 2 1
github.com/PrinMeshia/medego/mailer/mail.go:174.65,176.3 1 0
github.com/PrinMeshia/medego/mailer/mail.go:178.2,180.28 2 1
github.com/PrinMeshia/medego/mailer/mail.go:180.28,182.17 2 0
github.com/PrinMeshia/medego/mailer/mail.go:182.17,184.4 1 0
github.com/PrinMeshia/medego/mailer/mail.go:187.2,187.21 1 1
github.com/PrinMeshia/medego/mailer/mail.go:191.56,192.11 1 1
github.com/PrinMeshia/medego/mailer/mail.go:193.13,194.33 1 0
github.com/PrinMeshia/medego/mailer/mail.go:195.13,196.28 1 0
github.com/PrinMeshia/medego/mailer/mail.go:197.14,198.29 1 1
github.com/PrinMeshia/medego/mailer/mail.go:199.10,200.33 1 0
github.com/PrinMeshia/medego/mailer/mail.go:205.52,213.16 3 0
github.com/PrinMeshia/medego/mailer/mail.go:213.16,215.3 1 0
github.com/PrinMeshia/medego/mailer/mail.go:217.2,218.16 2 0
github.com/PrinMeshia/medego/mailer/mail.go:218.16,220.3 1 0
github.com/PrinMeshia/medego/mailer/mail.go:222.2,222.18 1 0
